2020-02-04 00:21:43.532  INFO 19472 --- [main] c.s.a.c.CsvimporterApplication           : Starting CsvimporterApplication v0.0.1-SNAPSHOT on DESKTOP-82DPD7T with PID 19472 (C:\Users\sehof\Documents\GitWorkspace\SimRa-Visualization\backend\csvimporter\target\csvimporter-0.0.1-SNAPSHOT.jar started by sehof in C:\Users\sehof\Documents\GitWorkspace\SimRa-Visualization)
2020-02-04 00:21:43.535  INFO 19472 --- [main] c.s.a.c.CsvimporterApplication           : No active profile set, falling back to default profiles: default
2020-02-04 00:21:44.271  WARN 19472 --- [background-preinit] o.s.h.c.j.Jackson2ObjectMapperBuilder    : For Jackson Kotlin classes support please add "com.fasterxml.jackson.module:jackson-module-kotlin" to the classpath
2020-02-04 00:21:46.727  INFO 19472 --- [main] trationDelegate$BeanPostProcessorChecker : Bean 'org.springframework.ws.config.annotation.DelegatingWsConfiguration' of type [org.springframework.ws.config.annotation.DelegatingWsConfiguration$$EnhancerBySpringCGLIB$$6b088000] is not eligible for getting processed by all BeanPostProcessors (for example: not eligible for auto-proxying)
2020-02-04 00:21:46.811  INFO 19472 --- [main] .w.s.a.s.AnnotationActionEndpointMapping : Supporting [WS-Addressing August 2004, WS-Addressing 1.0]
2020-02-04 00:21:47.840  INFO 19472 --- [main] o.s.b.w.embedded.tomcat.TomcatWebServer  : Tomcat initialized with port(s): 8080 (http)
2020-02-04 00:21:47.866  INFO 19472 --- [main] o.apache.catalina.core.StandardService   : Starting service [Tomcat]
2020-02-04 00:21:47.872  INFO 19472 --- [main] org.apache.catalina.core.StandardEngine  : Starting Servlet engine: [Apache Tomcat/9.0.27]
2020-02-04 00:21:47.999  INFO 19472 --- [main] o.a.c.c.C.[Tomcat].[localhost].[/]       : Initializing Spring embedded WebApplicationContext
2020-02-04 00:21:47.999  INFO 19472 --- [main] o.s.web.context.ContextLoader            : Root WebApplicationContext: initialization completed in 4366 ms
2020-02-04 00:21:49.128  INFO 19472 --- [main] org.mongodb.driver.cluster               : Cluster created with settings {hosts=[localhost:27017], mode=SINGLE, requiredClusterType=UNKNOWN, serverSelectionTimeout='30000 ms', maxWaitQueueSize=500}
2020-02-04 00:21:50.002  INFO 19472 --- [main] org.mongodb.driver.cluster               : Cluster created with settings {hosts=[localhost:27017], mode=MULTIPLE, requiredClusterType=UNKNOWN, serverSelectionTimeout='30000 ms', maxWaitQueueSize=500}
2020-02-04 00:21:50.004  INFO 19472 --- [main] org.mongodb.driver.cluster               : Adding discovered server localhost:27017 to client view of cluster
2020-02-04 00:21:50.077  INFO 19472 --- [cluster-ClusterId{value='5e38ab0d966bc9018f66b9cf', description='null'}-localhost:27017] org.mongodb.driver.connection            : Opened connection [connectionId{localValue:2, serverValue:510}] to localhost:27017
2020-02-04 00:21:50.087  INFO 19472 --- [cluster-ClusterId{value='5e38ab0d966bc9018f66b9cf', description='null'}-localhost:27017] org.mongodb.driver.cluster               : Monitor thread successfully connected to server with description ServerDescription{address=localhost:27017, type=STANDALONE, state=CONNECTED, ok=true, version=ServerVersion{versionList=[4, 2, 1]}, minWireVersion=0, maxWireVersion=8, maxDocumentSize=16777216, logicalSessionTimeoutMinutes=30, roundTripTimeNanos=5508699}
2020-02-04 00:21:50.100  INFO 19472 --- [cluster-ClusterId{value='5e38ab0d966bc9018f66b9cf', description='null'}-localhost:27017] org.mongodb.driver.cluster               : Discovered cluster type of STANDALONE
2020-02-04 00:21:50.570  INFO 19472 --- [cluster-ClusterId{value='5e38ab0d966bc9018f66b9ce', description='null'}-localhost:27017] org.mongodb.driver.connection            : Opened connection [connectionId{localValue:1, serverValue:511}] to localhost:27017
2020-02-04 00:21:50.585  INFO 19472 --- [cluster-ClusterId{value='5e38ab0d966bc9018f66b9ce', description='null'}-localhost:27017] org.mongodb.driver.cluster               : Monitor thread successfully connected to server with description ServerDescription{address=localhost:27017, type=STANDALONE, state=CONNECTED, ok=true, version=ServerVersion{versionList=[4, 2, 1]}, minWireVersion=0, maxWireVersion=8, maxDocumentSize=16777216, logicalSessionTimeoutMinutes=30, roundTripTimeNanos=5528099}
2020-02-04 00:21:50.935  INFO 19472 --- [nioEventLoopGroup-2-2] org.mongodb.driver.connection            : Opened connection [connectionId{localValue:3, serverValue:512}] to localhost:27017
2020-02-04 00:21:50.940  INFO 19472 --- [nioEventLoopGroup-2-3] org.mongodb.driver.connection            : Opened connection [connectionId{localValue:4, serverValue:513}] to localhost:27017
2020-02-04 00:21:50.991  INFO 19472 --- [nioEventLoopGroup-2-4] org.mongodb.driver.connection            : Opened connection [connectionId{localValue:5, serverValue:514}] to localhost:27017
2020-02-04 00:21:51.520  INFO 19472 --- [main] org.mongodb.driver.connection            : Opened connection [connectionId{localValue:6, serverValue:515}] to localhost:27017
2020-02-04 00:21:51.923  INFO 19472 --- [main] c.graphhopper.reader.osm.GraphHopperOSM  : version 1.0|2019-10-17T19:55:05Z (5,15,4,3,3,5)
2020-02-04 00:21:51.931  INFO 19472 --- [main] c.graphhopper.reader.osm.GraphHopperOSM  : graph CH|bike|RAM_STORE|2D|NoExt|,,,,, details:edges:0(0MB), nodes:0(0MB), name:(0MB), geo:0(0MB), bounds:1.7976931348623157E308,-1.7976931348623157E308,1.7976931348623157E308,-1.7976931348623157E308, CHGraph|fastest|bike|edge_based=false|u_turn_costs=-1, shortcuts:0, nodesCH:(0MB)
2020-02-04 00:21:51.978  INFO 19472 --- [main] c.graphhopper.reader.osm.GraphHopperOSM  : start creating graph from backend/csvimporter/map-data/Brandenburg_and_Berlin.osm.pbf
2020-02-04 00:21:51.979  INFO 19472 --- [main] c.graphhopper.reader.osm.GraphHopperOSM  : using CH|bike|RAM_STORE|2D|NoExt|,,,,, memory:totalMB:385, usedMB:317
2020-02-04 00:21:51.984  WARN 19472 --- [main] ConfigServletWebServerApplicationContext : Exception encountered during context initialization - cancelling refresh attempt: org.springframework.beans.factory.UnsatisfiedDependencyException: Error creating bean with name 'csvimporterApplication': Unsatisfied dependency expressed through field 'monitorService'; nested exception is org.springframework.beans.factory.UnsatisfiedDependencyException: Error creating bean with name 'recursiveWatcherService': Unsatisfied dependency expressed through field 'simraFileAlterationListenerAdaptor'; nested exception is org.springframework.beans.factory.UnsatisfiedDependencyException: Error creating bean with name 'simraFileAlterationListenerAdaptor': Unsatisfied dependency expressed through field 'mapMatchingService'; nested exception is org.springframework.beans.factory.BeanCreationException: Error creating bean with name 'mapMatchingService' defined in URL [jar:file:/C:/Users/sehof/Documents/GitWorkspace/SimRa-Visualization/backend/csvimporter/target/csvimporter-0.0.1-SNAPSHOT.jar!/BOOT-INF/classes!/com/simra/app/csvimporter/mapmatching/MapMatchingService.class]: Instantiation of bean failed; nested exception is org.springframework.beans.BeanInstantiationException: Failed to instantiate [com.simra.app.csvimporter.mapmatching.MapMatchingService]: Constructor threw exception; nested exception is java.lang.IllegalStateException: Your specified OSM file does not exist:C:\Users\sehof\Documents\GitWorkspace\SimRa-Visualization\backend\csvimporter\map-data\Brandenburg_and_Berlin.osm.pbf
2020-02-04 00:21:51.989  INFO 19472 --- [main] org.mongodb.driver.connection            : Closed connection [connectionId{localValue:6, serverValue:515}] to localhost:27017 because the pool has been closed.
2020-02-04 00:21:52.001  INFO 19472 --- [main] org.mongodb.driver.connection            : Closed connection [connectionId{localValue:3, serverValue:512}] to localhost:27017 because the pool has been closed.
2020-02-04 00:21:52.002  INFO 19472 --- [main] org.mongodb.driver.connection            : Closed connection [connectionId{localValue:4, serverValue:513}] to localhost:27017 because the pool has been closed.
2020-02-04 00:21:52.004  INFO 19472 --- [main] org.mongodb.driver.connection            : Closed connection [connectionId{localValue:5, serverValue:514}] to localhost:27017 because the pool has been closed.
2020-02-04 00:21:54.033  INFO 19472 --- [main] o.apache.catalina.core.StandardService   : Stopping service [Tomcat]
2020-02-04 00:21:54.061  INFO 19472 --- [main] ConditionEvaluationReportLoggingListener : 

Error starting ApplicationContext. To display the conditions report re-run your application with 'debug' enabled.
2020-02-04 00:21:54.071 ERROR 19472 --- [main] o.s.boot.SpringApplication               : Application run failed

org.springframework.beans.factory.UnsatisfiedDependencyException: Error creating bean with name 'csvimporterApplication': Unsatisfied dependency expressed through field 'monitorService'; nested exception is org.springframework.beans.factory.UnsatisfiedDependencyException: Error creating bean with name 'recursiveWatcherService': Unsatisfied dependency expressed through field 'simraFileAlterationListenerAdaptor'; nested exception is org.springframework.beans.factory.UnsatisfiedDependencyException: Error creating bean with name 'simraFileAlterationListenerAdaptor': Unsatisfied dependency expressed through field 'mapMatchingService'; nested exception is org.springframework.beans.factory.BeanCreationException: Error creating bean with name 'mapMatchingService' defined in URL [jar:file:/C:/Users/sehof/Documents/GitWorkspace/SimRa-Visualization/backend/csvimporter/target/csvimporter-0.0.1-SNAPSHOT.jar!/BOOT-INF/classes!/com/simra/app/csvimporter/mapmatching/MapMatchingService.class]: Instantiation of bean failed; nested exception is org.springframework.beans.BeanInstantiationException: Failed to instantiate [com.simra.app.csvimporter.mapmatching.MapMatchingService]: Constructor threw exception; nested exception is java.lang.IllegalStateException: Your specified OSM file does not exist:C:\Users\sehof\Documents\GitWorkspace\SimRa-Visualization\backend\csvimporter\map-data\Brandenburg_and_Berlin.osm.pbf
	at org.springframework.beans.factory.annotation.AutowiredAnnotationBeanPostProcessor$AutowiredFieldElement.inject(AutowiredAnnotationBeanPostProcessor.java:639) ~[spring-beans-5.2.1.RELEASE.jar!/:5.2.1.RELEASE]
	at org.springframework.beans.factory.annotation.InjectionMetadata.inject(InjectionMetadata.java:116) ~[spring-beans-5.2.1.RELEASE.jar!/:5.2.1.RELEASE]
	at org.springframework.beans.factory.annotation.AutowiredAnnotationBeanPostProcessor.postProcessProperties(AutowiredAnnotationBeanPostProcessor.java:397) ~[spring-beans-5.2.1.RELEASE.jar!/:5.2.1.RELEASE]
	at org.springframework.beans.factory.support.AbstractAutowireCapableBeanFactory.populateBean(AbstractAutowireCapableBeanFactory.java:1429) ~[spring-beans-5.2.1.RELEASE.jar!/:5.2.1.RELEASE]
	at org.springframework.beans.factory.support.AbstractAutowireCapableBeanFactory.doCreateBean(AbstractAutowireCapableBeanFactory.java:594) ~[spring-beans-5.2.1.RELEASE.jar!/:5.2.1.RELEASE]
	at org.springframework.beans.factory.support.AbstractAutowireCapableBeanFactory.createBean(AbstractAutowireCapableBeanFactory.java:517) ~[spring-beans-5.2.1.RELEASE.jar!/:5.2.1.RELEASE]
	at org.springframework.beans.factory.support.AbstractBeanFactory.lambda$doGetBean$0(AbstractBeanFactory.java:323) ~[spring-beans-5.2.1.RELEASE.jar!/:5.2.1.RELEASE]
	at org.springframework.beans.factory.support.DefaultSingletonBeanRegistry.getSingleton(DefaultSingletonBeanRegistry.java:222) ~[spring-beans-5.2.1.RELEASE.jar!/:5.2.1.RELEASE]
	at org.springframework.beans.factory.support.AbstractBeanFactory.doGetBean(AbstractBeanFactory.java:321) ~[spring-beans-5.2.1.RELEASE.jar!/:5.2.1.RELEASE]
	at org.springframework.beans.factory.support.AbstractBeanFactory.getBean(AbstractBeanFactory.java:202) ~[spring-beans-5.2.1.RELEASE.jar!/:5.2.1.RELEASE]
	at org.springframework.beans.factory.support.DefaultListableBeanFactory.preInstantiateSingletons(DefaultListableBeanFactory.java:879) ~[spring-beans-5.2.1.RELEASE.jar!/:5.2.1.RELEASE]
	at org.springframework.context.support.AbstractApplicationContext.finishBeanFactoryInitialization(AbstractApplicationContext.java:878) ~[spring-context-5.2.1.RELEASE.jar!/:5.2.1.RELEASE]
	at org.springframework.context.support.AbstractApplicationContext.refresh(AbstractApplicationContext.java:550) ~[spring-context-5.2.1.RELEASE.jar!/:5.2.1.RELEASE]
	at org.springframework.boot.web.servlet.context.ServletWebServerApplicationContext.refresh(ServletWebServerApplicationContext.java:141) ~[spring-boot-2.2.1.RELEASE.jar!/:2.2.1.RELEASE]
	at org.springframework.boot.SpringApplication.refresh(SpringApplication.java:747) [spring-boot-2.2.1.RELEASE.jar!/:2.2.1.RELEASE]
	at org.springframework.boot.SpringApplication.refreshContext(SpringApplication.java:397) [spring-boot-2.2.1.RELEASE.jar!/:2.2.1.RELEASE]
	at org.springframework.boot.SpringApplication.run(SpringApplication.java:315) [spring-boot-2.2.1.RELEASE.jar!/:2.2.1.RELEASE]
	at org.springframework.boot.SpringApplication.run(SpringApplication.java:1226) [spring-boot-2.2.1.RELEASE.jar!/:2.2.1.RELEASE]
	at org.springframework.boot.SpringApplication.run(SpringApplication.java:1215) [spring-boot-2.2.1.RELEASE.jar!/:2.2.1.RELEASE]
	at com.simra.app.csvimporter.CsvimporterApplication.main(CsvimporterApplication.java:33) [classes!/:0.0.1-SNAPSHOT]
	at sun.reflect.NativeMethodAccessorImpl.invoke0(Native Method) ~[na:1.8.0_191]
	at sun.reflect.NativeMethodAccessorImpl.invoke(Unknown Source) ~[na:1.8.0_191]
	at sun.reflect.DelegatingMethodAccessorImpl.invoke(Unknown Source) ~[na:1.8.0_191]
	at java.lang.reflect.Method.invoke(Unknown Source) ~[na:1.8.0_191]
	at org.springframework.boot.loader.MainMethodRunner.run(MainMethodRunner.java:48) [csvimporter-0.0.1-SNAPSHOT.jar:0.0.1-SNAPSHOT]
	at org.springframework.boot.loader.Launcher.launch(Launcher.java:87) [csvimporter-0.0.1-SNAPSHOT.jar:0.0.1-SNAPSHOT]
	at org.springframework.boot.loader.Launcher.launch(Launcher.java:51) [csvimporter-0.0.1-SNAPSHOT.jar:0.0.1-SNAPSHOT]
	at org.springframework.boot.loader.JarLauncher.main(JarLauncher.java:52) [csvimporter-0.0.1-SNAPSHOT.jar:0.0.1-SNAPSHOT]
Caused by: org.springframework.beans.factory.UnsatisfiedDependencyException: Error creating bean with name 'recursiveWatcherService': Unsatisfied dependency expressed through field 'simraFileAlterationListenerAdaptor'; nested exception is org.springframework.beans.factory.UnsatisfiedDependencyException: Error creating bean with name 'simraFileAlterationListenerAdaptor': Unsatisfied dependency expressed through field 'mapMatchingService'; nested exception is org.springframework.beans.factory.BeanCreationException: Error creating bean with name 'mapMatchingService' defined in URL [jar:file:/C:/Users/sehof/Documents/GitWorkspace/SimRa-Visualization/backend/csvimporter/target/csvimporter-0.0.1-SNAPSHOT.jar!/BOOT-INF/classes!/com/simra/app/csvimporter/mapmatching/MapMatchingService.class]: Instantiation of bean failed; nested exception is org.springframework.beans.BeanInstantiationException: Failed to instantiate [com.simra.app.csvimporter.mapmatching.MapMatchingService]: Constructor threw exception; nested exception is java.lang.IllegalStateException: Your specified OSM file does not exist:C:\Users\sehof\Documents\GitWorkspace\SimRa-Visualization\backend\csvimporter\map-data\Brandenburg_and_Berlin.osm.pbf
	at org.springframework.beans.factory.annotation.AutowiredAnnotationBeanPostProcessor$AutowiredFieldElement.inject(AutowiredAnnotationBeanPostProcessor.java:639) ~[spring-beans-5.2.1.RELEASE.jar!/:5.2.1.RELEASE]
	at org.springframework.beans.factory.annotation.InjectionMetadata.inject(InjectionMetadata.java:116) ~[spring-beans-5.2.1.RELEASE.jar!/:5.2.1.RELEASE]
	at org.springframework.beans.factory.annotation.AutowiredAnnotationBeanPostProcessor.postProcessProperties(AutowiredAnnotationBeanPostProcessor.java:397) ~[spring-beans-5.2.1.RELEASE.jar!/:5.2.1.RELEASE]
	at org.springframework.beans.factory.support.AbstractAutowireCapableBeanFactory.populateBean(AbstractAutowireCapableBeanFactory.java:1429) ~[spring-beans-5.2.1.RELEASE.jar!/:5.2.1.RELEASE]
	at org.springframework.beans.factory.support.AbstractAutowireCapableBeanFactory.doCreateBean(AbstractAutowireCapableBeanFactory.java:594) ~[spring-beans-5.2.1.RELEASE.jar!/:5.2.1.RELEASE]
	at org.springframework.beans.factory.support.AbstractAutowireCapableBeanFactory.createBean(AbstractAutowireCapableBeanFactory.java:517) ~[spring-beans-5.2.1.RELEASE.jar!/:5.2.1.RELEASE]
	at org.springframework.beans.factory.support.AbstractBeanFactory.lambda$doGetBean$0(AbstractBeanFactory.java:323) ~[spring-beans-5.2.1.RELEASE.jar!/:5.2.1.RELEASE]
	at org.springframework.beans.factory.support.DefaultSingletonBeanRegistry.getSingleton(DefaultSingletonBeanRegistry.java:222) ~[spring-beans-5.2.1.RELEASE.jar!/:5.2.1.RELEASE]
	at org.springframework.beans.factory.support.AbstractBeanFactory.doGetBean(AbstractBeanFactory.java:321) ~[spring-beans-5.2.1.RELEASE.jar!/:5.2.1.RELEASE]
	at org.springframework.beans.factory.support.AbstractBeanFactory.getBean(AbstractBeanFactory.java:202) ~[spring-beans-5.2.1.RELEASE.jar!/:5.2.1.RELEASE]
	at org.springframework.beans.factory.config.DependencyDescriptor.resolveCandidate(DependencyDescriptor.java:276) ~[spring-beans-5.2.1.RELEASE.jar!/:5.2.1.RELEASE]
	at org.springframework.beans.factory.support.DefaultListableBeanFactory.doResolveDependency(DefaultListableBeanFactory.java:1287) ~[spring-beans-5.2.1.RELEASE.jar!/:5.2.1.RELEASE]
	at org.springframework.beans.factory.support.DefaultListableBeanFactory.resolveDependency(DefaultListableBeanFactory.java:1207) ~[spring-beans-5.2.1.RELEASE.jar!/:5.2.1.RELEASE]
	at org.springframework.beans.factory.annotation.AutowiredAnnotationBeanPostProcessor$AutowiredFieldElement.inject(AutowiredAnnotationBeanPostProcessor.java:636) ~[spring-beans-5.2.1.RELEASE.jar!/:5.2.1.RELEASE]
	... 27 common frames omitted
Caused by: org.springframework.beans.factory.UnsatisfiedDependencyException: Error creating bean with name 'simraFileAlterationListenerAdaptor': Unsatisfied dependency expressed through field 'mapMatchingService'; nested exception is org.springframework.beans.factory.BeanCreationException: Error creating bean with name 'mapMatchingService' defined in URL [jar:file:/C:/Users/sehof/Documents/GitWorkspace/SimRa-Visualization/backend/csvimporter/target/csvimporter-0.0.1-SNAPSHOT.jar!/BOOT-INF/classes!/com/simra/app/csvimporter/mapmatching/MapMatchingService.class]: Instantiation of bean failed; nested exception is org.springframework.beans.BeanInstantiationException: Failed to instantiate [com.simra.app.csvimporter.mapmatching.MapMatchingService]: Constructor threw exception; nested exception is java.lang.IllegalStateException: Your specified OSM file does not exist:C:\Users\sehof\Documents\GitWorkspace\SimRa-Visualization\backend\csvimporter\map-data\Brandenburg_and_Berlin.osm.pbf
	at org.springframework.beans.factory.annotation.AutowiredAnnotationBeanPostProcessor$AutowiredFieldElement.inject(AutowiredAnnotationBeanPostProcessor.java:639) ~[spring-beans-5.2.1.RELEASE.jar!/:5.2.1.RELEASE]
	at org.springframework.beans.factory.annotation.InjectionMetadata.inject(InjectionMetadata.java:116) ~[spring-beans-5.2.1.RELEASE.jar!/:5.2.1.RELEASE]
	at org.springframework.beans.factory.annotation.AutowiredAnnotationBeanPostProcessor.postProcessProperties(AutowiredAnnotationBeanPostProcessor.java:397) ~[spring-beans-5.2.1.RELEASE.jar!/:5.2.1.RELEASE]
	at org.springframework.beans.factory.support.AbstractAutowireCapableBeanFactory.populateBean(AbstractAutowireCapableBeanFactory.java:1429) ~[spring-beans-5.2.1.RELEASE.jar!/:5.2.1.RELEASE]
	at org.springframework.beans.factory.support.AbstractAutowireCapableBeanFactory.doCreateBean(AbstractAutowireCapableBeanFactory.java:594) ~[spring-beans-5.2.1.RELEASE.jar!/:5.2.1.RELEASE]
	at org.springframework.beans.factory.support.AbstractAutowireCapableBeanFactory.createBean(AbstractAutowireCapableBeanFactory.java:517) ~[spring-beans-5.2.1.RELEASE.jar!/:5.2.1.RELEASE]
	at org.springframework.beans.factory.support.AbstractBeanFactory.lambda$doGetBean$0(AbstractBeanFactory.java:323) ~[spring-beans-5.2.1.RELEASE.jar!/:5.2.1.RELEASE]
	at org.springframework.beans.factory.support.DefaultSingletonBeanRegistry.getSingleton(DefaultSingletonBeanRegistry.java:222) ~[spring-beans-5.2.1.RELEASE.jar!/:5.2.1.RELEASE]
	at org.springframework.beans.factory.support.AbstractBeanFactory.doGetBean(AbstractBeanFactory.java:321) ~[spring-beans-5.2.1.RELEASE.jar!/:5.2.1.RELEASE]
	at org.springframework.beans.factory.support.AbstractBeanFactory.getBean(AbstractBeanFactory.java:202) ~[spring-beans-5.2.1.RELEASE.jar!/:5.2.1.RELEASE]
	at org.springframework.beans.factory.config.DependencyDescriptor.resolveCandidate(DependencyDescriptor.java:276) ~[spring-beans-5.2.1.RELEASE.jar!/:5.2.1.RELEASE]
	at org.springframework.beans.factory.support.DefaultListableBeanFactory.doResolveDependency(DefaultListableBeanFactory.java:1287) ~[spring-beans-5.2.1.RELEASE.jar!/:5.2.1.RELEASE]
	at org.springframework.beans.factory.support.DefaultListableBeanFactory.resolveDependency(DefaultListableBeanFactory.java:1207) ~[spring-beans-5.2.1.RELEASE.jar!/:5.2.1.RELEASE]
	at org.springframework.beans.factory.annotation.AutowiredAnnotationBeanPostProcessor$AutowiredFieldElement.inject(AutowiredAnnotationBeanPostProcessor.java:636) ~[spring-beans-5.2.1.RELEASE.jar!/:5.2.1.RELEASE]
	... 40 common frames omitted
Caused by: org.springframework.beans.factory.BeanCreationException: Error creating bean with name 'mapMatchingService' defined in URL [jar:file:/C:/Users/sehof/Documents/GitWorkspace/SimRa-Visualization/backend/csvimporter/target/csvimporter-0.0.1-SNAPSHOT.jar!/BOOT-INF/classes!/com/simra/app/csvimporter/mapmatching/MapMatchingService.class]: Instantiation of bean failed; nested exception is org.springframework.beans.BeanInstantiationException: Failed to instantiate [com.simra.app.csvimporter.mapmatching.MapMatchingService]: Constructor threw exception; nested exception is java.lang.IllegalStateException: Your specified OSM file does not exist:C:\Users\sehof\Documents\GitWorkspace\SimRa-Visualization\backend\csvimporter\map-data\Brandenburg_and_Berlin.osm.pbf
	at org.springframework.beans.factory.support.AbstractAutowireCapableBeanFactory.instantiateBean(AbstractAutowireCapableBeanFactory.java:1320) ~[spring-beans-5.2.1.RELEASE.jar!/:5.2.1.RELEASE]
	at org.springframework.beans.factory.support.AbstractAutowireCapableBeanFactory.createBeanInstance(AbstractAutowireCapableBeanFactory.java:1214) ~[spring-beans-5.2.1.RELEASE.jar!/:5.2.1.RELEASE]
	at org.springframework.beans.factory.support.AbstractAutowireCapableBeanFactory.doCreateBean(AbstractAutowireCapableBeanFactory.java:557) ~[spring-beans-5.2.1.RELEASE.jar!/:5.2.1.RELEASE]
	at org.springframework.beans.factory.support.AbstractAutowireCapableBeanFactory.createBean(AbstractAutowireCapableBeanFactory.java:517) ~[spring-beans-5.2.1.RELEASE.jar!/:5.2.1.RELEASE]
	at org.springframework.beans.factory.support.AbstractBeanFactory.lambda$doGetBean$0(AbstractBeanFactory.java:323) ~[spring-beans-5.2.1.RELEASE.jar!/:5.2.1.RELEASE]
	at org.springframework.beans.factory.support.DefaultSingletonBeanRegistry.getSingleton(DefaultSingletonBeanRegistry.java:222) ~[spring-beans-5.2.1.RELEASE.jar!/:5.2.1.RELEASE]
	at org.springframework.beans.factory.support.AbstractBeanFactory.doGetBean(AbstractBeanFactory.java:321) ~[spring-beans-5.2.1.RELEASE.jar!/:5.2.1.RELEASE]
	at org.springframework.beans.factory.support.AbstractBeanFactory.getBean(AbstractBeanFactory.java:202) ~[spring-beans-5.2.1.RELEASE.jar!/:5.2.1.RELEASE]
	at org.springframework.beans.factory.config.DependencyDescriptor.resolveCandidate(DependencyDescriptor.java:276) ~[spring-beans-5.2.1.RELEASE.jar!/:5.2.1.RELEASE]
	at org.springframework.beans.factory.support.DefaultListableBeanFactory.doResolveDependency(DefaultListableBeanFactory.java:1287) ~[spring-beans-5.2.1.RELEASE.jar!/:5.2.1.RELEASE]
	at org.springframework.beans.factory.support.DefaultListableBeanFactory.resolveDependency(DefaultListableBeanFactory.java:1207) ~[spring-beans-5.2.1.RELEASE.jar!/:5.2.1.RELEASE]
	at org.springframework.beans.factory.annotation.AutowiredAnnotationBeanPostProcessor$AutowiredFieldElement.inject(AutowiredAnnotationBeanPostProcessor.java:636) ~[spring-beans-5.2.1.RELEASE.jar!/:5.2.1.RELEASE]
	... 53 common frames omitted
Caused by: org.springframework.beans.BeanInstantiationException: Failed to instantiate [com.simra.app.csvimporter.mapmatching.MapMatchingService]: Constructor threw exception; nested exception is java.lang.IllegalStateException: Your specified OSM file does not exist:C:\Users\sehof\Documents\GitWorkspace\SimRa-Visualization\backend\csvimporter\map-data\Brandenburg_and_Berlin.osm.pbf
	at org.springframework.beans.BeanUtils.instantiateClass(BeanUtils.java:213) ~[spring-beans-5.2.1.RELEASE.jar!/:5.2.1.RELEASE]
	at org.springframework.beans.factory.support.SimpleInstantiationStrategy.instantiate(SimpleInstantiationStrategy.java:87) ~[spring-beans-5.2.1.RELEASE.jar!/:5.2.1.RELEASE]
	at org.springframework.beans.factory.support.AbstractAutowireCapableBeanFactory.instantiateBean(AbstractAutowireCapableBeanFactory.java:1312) ~[spring-beans-5.2.1.RELEASE.jar!/:5.2.1.RELEASE]
	... 64 common frames omitted
Caused by: java.lang.IllegalStateException: Your specified OSM file does not exist:C:\Users\sehof\Documents\GitWorkspace\SimRa-Visualization\backend\csvimporter\map-data\Brandenburg_and_Berlin.osm.pbf
	at com.graphhopper.reader.osm.OSMReader.readGraph(OSMReader.java:139) ~[graphhopper-reader-osm-1.0-pre3.jar!/:na]
	at com.graphhopper.GraphHopper.importData(GraphHopper.java:668) ~[graphhopper-core-1.0-pre3.jar!/:na]
	at com.graphhopper.GraphHopper.process(GraphHopper.java:639) ~[graphhopper-core-1.0-pre3.jar!/:na]
	at com.graphhopper.GraphHopper.importOrLoad(GraphHopper.java:617) ~[graphhopper-core-1.0-pre3.jar!/:na]
	at com.simra.app.csvimporter.mapmatching.MapMatchingService.<init>(MapMatchingService.java:40) ~[classes!/:0.0.1-SNAPSHOT]
	at sun.reflect.NativeConstructorAccessorImpl.newInstance0(Native Method) ~[na:1.8.0_191]
	at sun.reflect.NativeConstructorAccessorImpl.newInstance(Unknown Source) ~[na:1.8.0_191]
	at sun.reflect.DelegatingConstructorAccessorImpl.newInstance(Unknown Source) ~[na:1.8.0_191]
	at java.lang.reflect.Constructor.newInstance(Unknown Source) ~[na:1.8.0_191]
	at org.springframework.beans.BeanUtils.instantiateClass(BeanUtils.java:200) ~[spring-beans-5.2.1.RELEASE.jar!/:5.2.1.RELEASE]
	... 66 common frames omitted

2020-02-04 00:22:45.867  INFO 17232 --- [main] c.s.a.c.CsvimporterApplication           : Starting CsvimporterApplication v0.0.1-SNAPSHOT on DESKTOP-82DPD7T with PID 17232 (C:\Users\sehof\Documents\GitWorkspace\SimRa-Visualization\backend\csvimporter\target\csvimporter-0.0.1-SNAPSHOT.jar started by sehof in C:\Users\sehof\Documents\GitWorkspace\SimRa-Visualization)
2020-02-04 00:22:45.873  INFO 17232 --- [main] c.s.a.c.CsvimporterApplication           : No active profile set, falling back to default profiles: default
2020-02-04 00:22:46.555  WARN 17232 --- [background-preinit] o.s.h.c.j.Jackson2ObjectMapperBuilder    : For Jackson Kotlin classes support please add "com.fasterxml.jackson.module:jackson-module-kotlin" to the classpath
2020-02-04 00:22:49.001  INFO 17232 --- [main] trationDelegate$BeanPostProcessorChecker : Bean 'org.springframework.ws.config.annotation.DelegatingWsConfiguration' of type [org.springframework.ws.config.annotation.DelegatingWsConfiguration$$EnhancerBySpringCGLIB$$c2175208] is not eligible for getting processed by all BeanPostProcessors (for example: not eligible for auto-proxying)
2020-02-04 00:22:49.133  INFO 17232 --- [main] .w.s.a.s.AnnotationActionEndpointMapping : Supporting [WS-Addressing August 2004, WS-Addressing 1.0]
2020-02-04 00:22:50.109  INFO 17232 --- [main] o.s.b.w.embedded.tomcat.TomcatWebServer  : Tomcat initialized with port(s): 8080 (http)
2020-02-04 00:22:50.132  INFO 17232 --- [main] o.apache.catalina.core.StandardService   : Starting service [Tomcat]
2020-02-04 00:22:50.138  INFO 17232 --- [main] org.apache.catalina.core.StandardEngine  : Starting Servlet engine: [Apache Tomcat/9.0.27]
2020-02-04 00:22:50.371  INFO 17232 --- [main] o.a.c.c.C.[Tomcat].[localhost].[/]       : Initializing Spring embedded WebApplicationContext
2020-02-04 00:22:50.380  INFO 17232 --- [main] o.s.web.context.ContextLoader            : Root WebApplicationContext: initialization completed in 4393 ms
2020-02-04 00:22:51.491  INFO 17232 --- [main] org.mongodb.driver.cluster               : Cluster created with settings {hosts=[localhost:27017], mode=SINGLE, requiredClusterType=UNKNOWN, serverSelectionTimeout='30000 ms', maxWaitQueueSize=500}
2020-02-04 00:22:52.448  INFO 17232 --- [main] org.mongodb.driver.cluster               : Cluster created with settings {hosts=[localhost:27017], mode=MULTIPLE, requiredClusterType=UNKNOWN, serverSelectionTimeout='30000 ms', maxWaitQueueSize=500}
2020-02-04 00:22:52.449  INFO 17232 --- [main] org.mongodb.driver.cluster               : Adding discovered server localhost:27017 to client view of cluster
2020-02-04 00:22:52.518  INFO 17232 --- [cluster-ClusterId{value='5e38ab4c3cba145635f7ad2b', description='null'}-localhost:27017] org.mongodb.driver.connection            : Opened connection [connectionId{localValue:2, serverValue:518}] to localhost:27017
2020-02-04 00:22:52.529  INFO 17232 --- [cluster-ClusterId{value='5e38ab4c3cba145635f7ad2b', description='null'}-localhost:27017] org.mongodb.driver.cluster               : Monitor thread successfully connected to server with description ServerDescription{address=localhost:27017, type=STANDALONE, state=CONNECTED, ok=true, version=ServerVersion{versionList=[4, 2, 1]}, minWireVersion=0, maxWireVersion=8, maxDocumentSize=16777216, logicalSessionTimeoutMinutes=30, roundTripTimeNanos=4184001}
2020-02-04 00:22:52.531  INFO 17232 --- [cluster-ClusterId{value='5e38ab4c3cba145635f7ad2b', description='null'}-localhost:27017] org.mongodb.driver.cluster               : Discovered cluster type of STANDALONE
2020-02-04 00:22:52.760  INFO 17232 --- [cluster-ClusterId{value='5e38ab4b3cba145635f7ad2a', description='null'}-localhost:27017] org.mongodb.driver.connection            : Opened connection [connectionId{localValue:1, serverValue:519}] to localhost:27017
2020-02-04 00:22:52.773  INFO 17232 --- [cluster-ClusterId{value='5e38ab4b3cba145635f7ad2a', description='null'}-localhost:27017] org.mongodb.driver.cluster               : Monitor thread successfully connected to server with description ServerDescription{address=localhost:27017, type=STANDALONE, state=CONNECTED, ok=true, version=ServerVersion{versionList=[4, 2, 1]}, minWireVersion=0, maxWireVersion=8, maxDocumentSize=16777216, logicalSessionTimeoutMinutes=30, roundTripTimeNanos=7409900}
2020-02-04 00:22:53.332  INFO 17232 --- [nioEventLoopGroup-2-2] org.mongodb.driver.connection            : Opened connection [connectionId{localValue:3, serverValue:520}] to localhost:27017
2020-02-04 00:22:53.393  INFO 17232 --- [nioEventLoopGroup-2-4] org.mongodb.driver.connection            : Opened connection [connectionId{localValue:5, serverValue:521}] to localhost:27017
2020-02-04 00:22:53.409  INFO 17232 --- [nioEventLoopGroup-2-3] org.mongodb.driver.connection            : Opened connection [connectionId{localValue:4, serverValue:522}] to localhost:27017
2020-02-04 00:22:53.975  INFO 17232 --- [main] org.mongodb.driver.connection            : Opened connection [connectionId{localValue:6, serverValue:523}] to localhost:27017
2020-02-04 00:22:54.643  INFO 17232 --- [main] c.graphhopper.reader.osm.GraphHopperOSM  : version 1.0|2019-10-17T19:55:05Z (5,15,4,3,3,5)
2020-02-04 00:22:54.670  INFO 17232 --- [main] c.graphhopper.reader.osm.GraphHopperOSM  : graph CH|bike|RAM_STORE|2D|NoExt|,,,,, details:edges:0(0MB), nodes:0(0MB), name:(0MB), geo:0(0MB), bounds:1.7976931348623157E308,-1.7976931348623157E308,1.7976931348623157E308,-1.7976931348623157E308, CHGraph|fastest|bike|edge_based=false|u_turn_costs=-1, shortcuts:0, nodesCH:(0MB)
2020-02-04 00:22:54.741  INFO 17232 --- [main] c.graphhopper.reader.osm.GraphHopperOSM  : start creating graph from backend/csvimporter/map-data/Brandenburg_and_Berlin.osm.pbf
2020-02-04 00:22:54.742  INFO 17232 --- [main] c.graphhopper.reader.osm.GraphHopperOSM  : using CH|bike|RAM_STORE|2D|NoExt|,,,,, memory:totalMB:388, usedMB:69
2020-02-04 00:23:01.519  INFO 17232 --- [main] com.graphhopper.reader.osm.OSMReader     : creating graph. Found nodes (pillar+tower):525 063, totalMB:429, usedMB:342
2020-02-04 00:23:04.557  INFO 17232 --- [main] com.graphhopper.reader.osm.OSMReader     : 5 395 238, now parsing ways
2020-02-04 00:23:09.876  INFO 17232 --- [main] com.graphhopper.reader.osm.OSMReader     : 6 190 275, now parsing relations
2020-02-04 00:23:09.898  INFO 17232 --- [main] com.graphhopper.reader.osm.OSMReader     : finished way processing. nodes: 239865, osmIdMap.size:526046, osmIdMap:7MB, nodeFlagsMap.size:983, relFlagsMap.size:11841, zeroCounter:983 totalMB:416, usedMB:228
2020-02-04 00:23:09.900  INFO 17232 --- [main] com.graphhopper.reader.osm.OSMReader     : time pass1:6s, pass2:8s, total:15s
2020-02-04 00:23:09.907  INFO 17232 --- [main] c.g.r.s.PrepareRoutingSubnetworks        : start finding subnetworks (min:200, min one way:0) totalMB:416, usedMB:229
2020-02-04 00:23:10.160  INFO 17232 --- [main] c.g.r.s.PrepareRoutingSubnetworks        : 5120 subnetworks found for bike, totalMB:416, usedMB:242
2020-02-04 00:23:10.436  INFO 17232 --- [main] c.g.r.s.PrepareRoutingSubnetworks        : optimize to remove subnetworks (5120), unvisited-dead-end-nodes (0), maxEdges/node (9)
2020-02-04 00:23:10.593  INFO 17232 --- [main] c.graphhopper.reader.osm.GraphHopperOSM  : edges: 319 309, nodes 224 495, there were 5 120 subnetworks. removed them => 15 370 less nodes
2020-02-04 00:23:11.145  INFO 17232 --- [main] c.g.storage.index.LocationIndexTree      : location index created in 0.54084724s, size:254 818, leafs:9 115, precision:300, depth:4, checksum:224495, entries:[16, 16, 16, 4], entriesPerLeaf:27.955896
2020-02-04 00:23:11.195  INFO 17232 --- [main] c.g.routing.ch.CHAlgoFactoryDecorator    : 1/1 calling CH prepare.doWork for fastest|bike|edge_based=false|u_turn_costs=-1 ... (totalMB:416, usedMB:315)
2020-02-04 00:23:13.187  INFO 17232 --- [fastest_bike_node] c.g.r.ch.PrepareContractionHierarchies   : nodes:    224 495, shortcuts:          0, updates:  0, checked-nodes:          0, t(total):   1.98,  t(period):   1.94, t(lazy):   0.00, t(neighbor):   0.00, t(contr):   0.00, t(other) :   0.04, dijkstra-ratio:  32.31%, meanDegree: 1.00, dijkstras:  1 128 132, mem:        3MB, totalMB:377, usedMB:92
2020-02-04 00:23:19.440  INFO 17232 --- [fastest_bike_node] c.g.r.ch.PrepareContractionHierarchies   : nodes:    179 596, shortcuts:     12 543, updates:  1, checked-nodes:     44 899, t(total):   8.24,  t(period):   7.20, t(lazy):   0.00, t(neighbor):   0.47, t(contr):   0.33, t(other) :   0.24, dijkstra-ratio:  70.31%, meanDegree: 2.15, dijkstras:  2 157 865, mem:        3MB, totalMB:377, usedMB:108
2020-02-04 00:23:23.812  INFO 9428 --- [main] c.s.a.c.CsvimporterApplication           : Starting CsvimporterApplication v0.0.1-SNAPSHOT on DESKTOP-82DPD7T with PID 9428 (C:\Users\sehof\Documents\GitWorkspace\SimRa-Visualization\backend\csvimporter\target\csvimporter-0.0.1-SNAPSHOT.jar started by sehof in C:\Users\sehof\Documents\GitWorkspace\SimRa-Visualization)
2020-02-04 00:23:23.816  INFO 9428 --- [main] c.s.a.c.CsvimporterApplication           : No active profile set, falling back to default profiles: default
2020-02-04 00:23:24.619  WARN 9428 --- [background-preinit] o.s.h.c.j.Jackson2ObjectMapperBuilder    : For Jackson Kotlin classes support please add "com.fasterxml.jackson.module:jackson-module-kotlin" to the classpath
2020-02-04 00:23:27.117  INFO 9428 --- [main] trationDelegate$BeanPostProcessorChecker : Bean 'org.springframework.ws.config.annotation.DelegatingWsConfiguration' of type [org.springframework.ws.config.annotation.DelegatingWsConfiguration$$EnhancerBySpringCGLIB$$cb5c18e1] is not eligible for getting processed by all BeanPostProcessors (for example: not eligible for auto-proxying)
2020-02-04 00:23:27.256  INFO 9428 --- [main] .w.s.a.s.AnnotationActionEndpointMapping : Supporting [WS-Addressing August 2004, WS-Addressing 1.0]
2020-02-04 00:23:28.333  INFO 9428 --- [main] o.s.b.w.embedded.tomcat.TomcatWebServer  : Tomcat initialized with port(s): 8080 (http)
2020-02-04 00:23:28.358  INFO 9428 --- [main] o.apache.catalina.core.StandardService   : Starting service [Tomcat]
2020-02-04 00:23:28.365  INFO 9428 --- [main] org.apache.catalina.core.StandardEngine  : Starting Servlet engine: [Apache Tomcat/9.0.27]
2020-02-04 00:23:28.489  INFO 9428 --- [main] o.a.c.c.C.[Tomcat].[localhost].[/]       : Initializing Spring embedded WebApplicationContext
2020-02-04 00:23:28.490  INFO 9428 --- [main] o.s.web.context.ContextLoader            : Root WebApplicationContext: initialization completed in 4558 ms
2020-02-04 00:23:29.519  INFO 9428 --- [main] org.mongodb.driver.cluster               : Cluster created with settings {hosts=[localhost:27017], mode=SINGLE, requiredClusterType=UNKNOWN, serverSelectionTimeout='30000 ms', maxWaitQueueSize=500}
2020-02-04 00:23:30.449  INFO 9428 --- [main] org.mongodb.driver.cluster               : Cluster created with settings {hosts=[localhost:27017], mode=MULTIPLE, requiredClusterType=UNKNOWN, serverSelectionTimeout='30000 ms', maxWaitQueueSize=500}
2020-02-04 00:23:30.452  INFO 9428 --- [main] org.mongodb.driver.cluster               : Adding discovered server localhost:27017 to client view of cluster
2020-02-04 00:23:30.569  INFO 9428 --- [cluster-ClusterId{value='5e38ab72d5322616a2f51229', description='null'}-localhost:27017] org.mongodb.driver.connection            : Opened connection [connectionId{localValue:2, serverValue:528}] to localhost:27017
2020-02-04 00:23:30.583  INFO 9428 --- [cluster-ClusterId{value='5e38ab72d5322616a2f51229', description='null'}-localhost:27017] org.mongodb.driver.cluster               : Monitor thread successfully connected to server with description ServerDescription{address=localhost:27017, type=STANDALONE, state=CONNECTED, ok=true, version=ServerVersion{versionList=[4, 2, 1]}, minWireVersion=0, maxWireVersion=8, maxDocumentSize=16777216, logicalSessionTimeoutMinutes=30, roundTripTimeNanos=5723900}
2020-02-04 00:23:30.586  INFO 9428 --- [cluster-ClusterId{value='5e38ab72d5322616a2f51229', description='null'}-localhost:27017] org.mongodb.driver.cluster               : Discovered cluster type of STANDALONE
2020-02-04 00:23:30.808  INFO 9428 --- [cluster-ClusterId{value='5e38ab71d5322616a2f51228', description='null'}-localhost:27017] org.mongodb.driver.connection            : Opened connection [connectionId{localValue:1, serverValue:529}] to localhost:27017
2020-02-04 00:23:30.826  INFO 9428 --- [cluster-ClusterId{value='5e38ab71d5322616a2f51228', description='null'}-localhost:27017] org.mongodb.driver.cluster               : Monitor thread successfully connected to server with description ServerDescription{address=localhost:27017, type=STANDALONE, state=CONNECTED, ok=true, version=ServerVersion{versionList=[4, 2, 1]}, minWireVersion=0, maxWireVersion=8, maxDocumentSize=16777216, logicalSessionTimeoutMinutes=30, roundTripTimeNanos=14830900}
2020-02-04 00:23:31.427  INFO 9428 --- [nioEventLoopGroup-2-2] org.mongodb.driver.connection            : Opened connection [connectionId{localValue:3, serverValue:530}] to localhost:27017
2020-02-04 00:23:31.427  INFO 9428 --- [nioEventLoopGroup-2-3] org.mongodb.driver.connection            : Opened connection [connectionId{localValue:4, serverValue:531}] to localhost:27017
2020-02-04 00:23:31.457  INFO 9428 --- [nioEventLoopGroup-2-4] org.mongodb.driver.connection            : Opened connection [connectionId{localValue:5, serverValue:532}] to localhost:27017
2020-02-04 00:23:31.934  INFO 9428 --- [main] org.mongodb.driver.connection            : Opened connection [connectionId{localValue:6, serverValue:533}] to localhost:27017
2020-02-04 00:23:32.355  INFO 9428 --- [main] c.graphhopper.reader.osm.GraphHopperOSM  : version 1.0|2019-10-17T19:55:05Z (5,15,4,3,3,5)
2020-02-04 00:23:32.362  INFO 9428 --- [main] c.graphhopper.reader.osm.GraphHopperOSM  : graph CH|bike|RAM_STORE|2D|NoExt|,,,,, details:edges:0(0MB), nodes:0(0MB), name:(0MB), geo:0(0MB), bounds:1.7976931348623157E308,-1.7976931348623157E308,1.7976931348623157E308,-1.7976931348623157E308, CHGraph|fastest|bike|edge_based=false|u_turn_costs=-1, shortcuts:0, nodesCH:(0MB)
2020-02-04 00:23:32.408  INFO 9428 --- [main] c.graphhopper.reader.osm.GraphHopperOSM  : start creating graph from backend/csvimporter/map-data/Brandenburg_and_Berlin.osm.pbf
2020-02-04 00:23:32.409  INFO 9428 --- [main] c.graphhopper.reader.osm.GraphHopperOSM  : using CH|bike|RAM_STORE|2D|NoExt|,,,,, memory:totalMB:385, usedMB:57
2020-02-04 00:23:36.795  INFO 9428 --- [main] com.graphhopper.reader.osm.OSMReader     : creating graph. Found nodes (pillar+tower):525 063, totalMB:422, usedMB:245
2020-02-04 00:23:39.753  INFO 9428 --- [main] com.graphhopper.reader.osm.OSMReader     : 5 395 238, now parsing ways
2020-02-04 00:23:44.561  INFO 9428 --- [main] com.graphhopper.reader.osm.OSMReader     : 6 190 275, now parsing relations
2020-02-04 00:23:44.581  INFO 9428 --- [main] com.graphhopper.reader.osm.OSMReader     : finished way processing. nodes: 239865, osmIdMap.size:526046, osmIdMap:7MB, nodeFlagsMap.size:983, relFlagsMap.size:11841, zeroCounter:983 totalMB:386, usedMB:209
2020-02-04 00:23:44.584  INFO 9428 --- [main] com.graphhopper.reader.osm.OSMReader     : time pass1:4s, pass2:7s, total:12s
2020-02-04 00:23:44.590  INFO 9428 --- [main] c.g.r.s.PrepareRoutingSubnetworks        : start finding subnetworks (min:200, min one way:0) totalMB:386, usedMB:210
2020-02-04 00:23:44.796  INFO 9428 --- [main] c.g.r.s.PrepareRoutingSubnetworks        : 5120 subnetworks found for bike, totalMB:386, usedMB:223
2020-02-04 00:23:44.838  INFO 9428 --- [main] c.g.r.s.PrepareRoutingSubnetworks        : optimize to remove subnetworks (5120), unvisited-dead-end-nodes (0), maxEdges/node (9)
2020-02-04 00:23:44.914  INFO 9428 --- [main] c.graphhopper.reader.osm.GraphHopperOSM  : edges: 319 309, nodes 224 495, there were 5 120 subnetworks. removed them => 15 370 less nodes
2020-02-04 00:23:44.978  INFO 9428 --- [main] c.g.routing.ch.CHAlgoFactoryDecorator    : 1/1 calling CH prepare.doWork for fastest|bike|edge_based=false|u_turn_costs=-1 ... (totalMB:386, usedMB:245)
2020-02-04 00:23:46.779  INFO 9428 --- [fastest_bike_node] c.g.r.ch.PrepareContractionHierarchies   : nodes:    224 495, shortcuts:          0, updates:  0, checked-nodes:          0, t(total):   1.80,  t(period):   1.77, t(lazy):   0.00, t(neighbor):   0.00, t(contr):   0.00, t(other) :   0.03, dijkstra-ratio:  36.02%, meanDegree: 1.00, dijkstras:  1 128 132, mem:        3MB, totalMB:386, usedMB:270
2020-02-04 00:23:55.074  INFO 9428 --- [fastest_bike_node] c.g.r.ch.PrepareContractionHierarchies   : nodes:    179 596, shortcuts:     12 543, updates:  1, checked-nodes:     44 899, t(total):  10.09,  t(period):   9.28, t(lazy):   0.00, t(neighbor):   0.39, t(contr):   0.29, t(other) :   0.13, dijkstra-ratio:  79.33%, meanDegree: 2.15, dijkstras:  2 157 865, mem:        3MB, totalMB:386, usedMB:291
2020-02-04 00:23:58.308  INFO 9428 --- [fastest_bike_node] c.g.r.ch.PrepareContractionHierarchies   : nodes:    134 697, shortcuts:     40 422, updates:  2, checked-nodes:     89 798, t(total):  13.33,  t(period):  11.34, t(lazy):   0.00, t(neighbor):   0.79, t(contr):   1.03, t(other) :   0.17, dijkstra-ratio:  81.48%, meanDegree: 1.59, dijkstras:  3 026 537, mem:        3MB, totalMB:386, usedMB:307
2020-02-04 00:24:01.129  INFO 9428 --- [fastest_bike_node] c.g.r.ch.PrepareContractionHierarchies   : nodes:     89 798, shortcuts:     79 759, updates:  3, checked-nodes:    134 697, t(total):  16.15,  t(period):  13.34, t(lazy):   0.00, t(neighbor):   1.15, t(contr):   1.46, t(other) :   0.20, dijkstra-ratio:  82.64%, meanDegree: 2.72, dijkstras:  3 714 789, mem:        3MB, totalMB:386, usedMB:323
2020-02-04 00:24:04.621  INFO 9428 --- [fastest_bike_node] c.g.r.ch.PrepareContractionHierarchies   : nodes:     44 899, shortcuts:    148 455, updates:  4, checked-nodes:    179 596, t(total):  19.64,  t(period):  14.89, t(lazy):   0.00, t(neighbor):   2.05, t(contr):   2.46, t(other) :   0.24, dijkstra-ratio:  83.86%, meanDegree: 3.68, dijkstras:  4 430 070, mem:        3MB, totalMB:386, usedMB:340
2020-02-04 00:24:08.853  INFO 9428 --- [fastest_bike_node] c.g.r.ch.PrepareContractionHierarchies   : nodes:      7 062, shortcuts:    214 565, updates:  5, checked-nodes:    224 495, t(total):  23.87,  t(period):  15.41, t(lazy):   1.00, t(neighbor):   3.52, t(contr):   3.64, t(other) :   0.30, dijkstra-ratio:  85.06%, meanDegree: 5.26, dijkstras:  5 313 466, mem:        3MB, totalMB:386, usedMB:357
2020-02-04 00:24:12.424  INFO 9428 --- [fastest_bike_node] c.g.r.ch.PrepareContractionHierarchies   : nodes:          0, shortcuts:    243 160, updates:  5, checked-nodes:    234 787, t(total):  27.44,  t(period):  15.41, t(lazy):   2.11, t(neighbor):   5.35, t(contr):   4.25, t(other) :   0.33, dijkstra-ratio:  86.23%, meanDegree: 1.43, dijkstras:  6 110 253, mem:        3MB, totalMB:386, usedMB:363
2020-02-04 00:24:12.424  INFO 9428 --- [fastest_bike_node] c.g.r.ch.PrepareContractionHierarchies   : new shortcuts: 243 160, initSize:224 495, prepare|fastest, periodic:20, lazy:10, neighbor:20, t(total):  27.44,  t(period):  15.41, t(lazy):   2.11, t(neighbor):   5.35, t(contr):   4.25, t(other) :   0.33, dijkstra-ratio:  86.22%, lazy-overhead: 4%, totalMB:386, usedMB:364
2020-02-04 00:24:12.427  INFO 9428 --- [fastest_bike_node] c.g.r.ch.PrepareContractionHierarchies   : took: 27s, graph now - num edges: 319 309, num nodes: 224 495, num shortcuts: 243 160
2020-02-04 00:24:12.432  INFO 9428 --- [main] c.graphhopper.reader.osm.GraphHopperOSM  : flushing graph CH|bike|RAM_STORE|2D|NoExt|5,15,4,3,3, details:edges:319 309(10MB), nodes:224 495(3MB), name:(1MB), geo:594 739(3MB), bounds:13.06978847242419,13.764083879383293,52.333058655255854,52.67961645900346, CHGraph|fastest|bike|edge_based=false|u_turn_costs=-1, shortcuts:243 160, nodesCH:(2MB), totalMB:386, usedMB:364)
2020-02-04 00:24:12.505  INFO 9428 --- [main] c.graphhopper.reader.osm.GraphHopperOSM  : flushed graph totalMB:393, usedMB:133)
2020-02-04 00:24:12.636  WARN 9428 --- [main] uration$JodaDateTimeJacksonConfiguration : Auto-configuration of Jackson's Joda-Time integration is deprecated in favor of using java.time (JSR-310).
2020-02-04 00:24:14.317  INFO 9428 --- [main] o.s.s.concurrent.ThreadPoolTaskExecutor  : Initializing ExecutorService 'applicationTaskExecutor'
2020-02-04 00:24:15.954  INFO 9428 --- [main] o.s.b.a.e.web.EndpointLinksResolver      : Exposing 2 endpoint(s) beneath base path '/actuator'
2020-02-04 00:24:16.084  INFO 9428 --- [main] o.s.b.w.embedded.tomcat.TomcatWebServer  : Tomcat started on port(s): 8080 (http) with context path ''
2020-02-04 00:24:16.087  INFO 9428 --- [main] c.s.a.c.CsvimporterApplication           : Started CsvimporterApplication in 53.335 seconds (JVM running for 54.024)
2020-02-04 00:24:16.187  INFO 9428 --- [main] c.s.a.c.CsvimporterApplication           : Rides Location Indexed setup.
2020-02-04 00:24:16.208  INFO 9428 --- [main] c.s.a.c.CsvimporterApplication           : Incident Location Indexed setup.
2020-02-04 00:24:16.209  INFO 9428 --- [main] c.s.a.c.service.RecursiveWatcherService  : Starting Recursive Watcher from C:UserssehofDocumentsS3FogProjectcsvimport
2020-02-04 00:24:39.793  INFO 9428 --- [SpringContextShutdownHook] o.s.s.concurrent.ThreadPoolTaskExecutor  : Shutting down ExecutorService 'applicationTaskExecutor'
2020-02-04 00:24:39.800  INFO 9428 --- [SpringContextShutdownHook] org.mongodb.driver.connection            : Closed connection [connectionId{localValue:6, serverValue:533}] to localhost:27017 because the pool has been closed.
2020-02-04 00:24:39.805  INFO 9428 --- [SpringContextShutdownHook] org.mongodb.driver.connection            : Closed connection [connectionId{localValue:4, serverValue:531}] to localhost:27017 because the pool has been closed.
2020-02-04 00:24:39.815  INFO 9428 --- [SpringContextShutdownHook] org.mongodb.driver.connection            : Closed connection [connectionId{localValue:3, serverValue:530}] to localhost:27017 because the pool has been closed.
2020-02-04 00:24:39.819  INFO 9428 --- [SpringContextShutdownHook] org.mongodb.driver.connection            : Closed connection [connectionId{localValue:5, serverValue:532}] to localhost:27017 because the pool has been closed.
